<?xml version="1.0" encoding="UTF-8"?>
<testsuite name="com.dinner.dinnergenerator.DinnerGeneratorApplicationTests" tests="1" skipped="0" failures="0" errors="0" timestamp="2021-11-06T18:20:32" hostname="ubuntu-laptop" time="0.327">
  <properties/>
  <testcase name="contextLoads()" classname="com.dinner.dinnergenerator.DinnerGeneratorApplicationTests" time="0.327"/>
  <system-out><![CDATA[14:20:29.448 [Test worker] DEBUG org.springframework.test.context.BootstrapUtils - Instantiating CacheAwareContextLoaderDelegate from class [org.springframework.test.context.cache.DefaultCacheAwareContextLoaderDelegate]
14:20:29.461 [Test worker] DEBUG org.springframework.test.context.BootstrapUtils - Instantiating BootstrapContext using constructor [public org.springframework.test.context.support.DefaultBootstrapContext(java.lang.Class,org.springframework.test.context.CacheAwareContextLoaderDelegate)]
14:20:29.515 [Test worker] DEBUG org.springframework.test.context.BootstrapUtils - Instantiating TestContextBootstrapper for test class [com.dinner.dinnergenerator.DinnerGeneratorApplicationTests] from class [org.springframework.boot.test.context.SpringBootTestContextBootstrapper]
14:20:29.525 [Test worker] INFO org.springframework.boot.test.context.SpringBootTestContextBootstrapper - Neither @ContextConfiguration nor @ContextHierarchy found for test class [com.dinner.dinnergenerator.DinnerGeneratorApplicationTests], using SpringBootContextLoader
14:20:29.530 [Test worker] DEBUG org.springframework.test.context.support.AbstractContextLoader - Did not detect default resource location for test class [com.dinner.dinnergenerator.DinnerGeneratorApplicationTests]: class path resource [com/dinner/dinnergenerator/DinnerGeneratorApplicationTests-context.xml] does not exist
14:20:29.531 [Test worker] DEBUG org.springframework.test.context.support.AbstractContextLoader - Did not detect default resource location for test class [com.dinner.dinnergenerator.DinnerGeneratorApplicationTests]: class path resource [com/dinner/dinnergenerator/DinnerGeneratorApplicationTestsContext.groovy] does not exist
14:20:29.532 [Test worker] INFO org.springframework.test.context.support.AbstractContextLoader - Could not detect default resource locations for test class [com.dinner.dinnergenerator.DinnerGeneratorApplicationTests]: no resource found for suffixes {-context.xml, Context.groovy}.
14:20:29.533 [Test worker] INFO org.springframework.test.context.support.AnnotationConfigContextLoaderUtils - Could not detect default configuration classes for test class [com.dinner.dinnergenerator.DinnerGeneratorApplicationTests]: DinnerGeneratorApplicationTests does not declare any static, non-private, non-final, nested classes annotated with @Configuration.
14:20:29.582 [Test worker] DEBUG org.springframework.test.context.support.ActiveProfilesUtils - Could not find an 'annotation declaring class' for annotation type [org.springframework.test.context.ActiveProfiles] and class [com.dinner.dinnergenerator.DinnerGeneratorApplicationTests]
14:20:29.653 [Test worker] DEBUG org.springframework.context.annotation.ClassPathScanningCandidateComponentProvider - Identified candidate component class: file [/home/jay/workspace/dinner-generator/build/classes/java/main/com/dinner/dinnergenerator/DinnerGeneratorApplication.class]
14:20:29.659 [Test worker] INFO org.springframework.boot.test.context.SpringBootTestContextBootstrapper - Found @SpringBootConfiguration com.dinner.dinnergenerator.DinnerGeneratorApplication for test class com.dinner.dinnergenerator.DinnerGeneratorApplicationTests
14:20:29.764 [Test worker] DEBUG org.springframework.boot.test.context.SpringBootTestContextBootstrapper - @TestExecutionListeners is not present for class [com.dinner.dinnergenerator.DinnerGeneratorApplicationTests]: using defaults.
14:20:29.765 [Test worker] INFO org.springframework.boot.test.context.SpringBootTestContextBootstrapper - Loaded default TestExecutionListener class names from location [META-INF/spring.factories]: [org.springframework.boot.test.autoconfigure.restdocs.RestDocsTestExecutionListener, org.springframework.boot.test.autoconfigure.web.client.MockRestServiceServerResetTestExecutionListener, org.springframework.boot.test.autoconfigure.web.servlet.MockMvcPrintOnlyOnFailureTestExecutionListener, org.springframework.boot.test.autoconfigure.web.servlet.WebDriverTestExecutionListener, org.springframework.boot.test.autoconfigure.webservices.client.MockWebServiceServerTestExecutionListener, org.springframework.boot.test.mock.mockito.MockitoTestExecutionListener, org.springframework.boot.test.mock.mockito.ResetMocksTestExecutionListener, org.springframework.test.context.web.ServletTestExecutionListener, org.springframework.test.context.support.DirtiesContextBeforeModesTestExecutionListener, org.springframework.test.context.event.ApplicationEventsTestExecutionListener, org.springframework.test.context.support.DependencyInjectionTestExecutionListener, org.springframework.test.context.support.DirtiesContextTestExecutionListener, org.springframework.test.context.transaction.TransactionalTestExecutionListener, org.springframework.test.context.jdbc.SqlScriptsTestExecutionListener, org.springframework.test.context.event.EventPublishingTestExecutionListener]
14:20:29.785 [Test worker] DEBUG org.springframework.boot.test.context.SpringBootTestContextBootstrapper - Skipping candidate TestExecutionListener [org.springframework.test.context.transaction.TransactionalTestExecutionListener] due to a missing dependency. Specify custom listener classes or make the default listener classes and their required dependencies available. Offending class: [org/springframework/transaction/interceptor/TransactionAttributeSource]
14:20:29.786 [Test worker] DEBUG org.springframework.boot.test.context.SpringBootTestContextBootstrapper - Skipping candidate TestExecutionListener [org.springframework.test.context.jdbc.SqlScriptsTestExecutionListener] due to a missing dependency. Specify custom listener classes or make the default listener classes and their required dependencies available. Offending class: [org/springframework/transaction/interceptor/TransactionAttribute]
14:20:29.787 [Test worker] INFO org.springframework.boot.test.context.SpringBootTestContextBootstrapper - Using TestExecutionListeners: [org.springframework.test.context.web.ServletTestExecutionListener@20a8a64e, org.springframework.test.context.support.DirtiesContextBeforeModesTestExecutionListener@62f4ff3b, org.springframework.test.context.event.ApplicationEventsTestExecutionListener@1698fc68, org.springframework.boot.test.mock.mockito.MockitoTestExecutionListener@4504d271, org.springframework.boot.test.autoconfigure.SpringBootDependencyInjectionTestExecutionListener@207b8649, org.springframework.test.context.support.DirtiesContextTestExecutionListener@65b3a85a, org.springframework.test.context.event.EventPublishingTestExecutionListener@34997338, org.springframework.boot.test.autoconfigure.restdocs.RestDocsTestExecutionListener@57eda880, org.springframework.boot.test.autoconfigure.web.client.MockRestServiceServerResetTestExecutionListener@2b5825fa, org.springframework.boot.test.autoconfigure.web.servlet.MockMvcPrintOnlyOnFailureTestExecutionListener@53d1b9b3, org.springframework.boot.test.autoconfigure.web.servlet.WebDriverTestExecutionListener@2cae1042, org.springframework.boot.test.autoconfigure.webservices.client.MockWebServiceServerTestExecutionListener@163d04ff, org.springframework.boot.test.mock.mockito.ResetMocksTestExecutionListener@7c209437]
14:20:29.791 [Test worker] DEBUG org.springframework.test.context.support.AbstractDirtiesContextTestExecutionListener - Before test class: context [DefaultTestContext@a776e testClass = DinnerGeneratorApplicationTests, testInstance = [null], testMethod = [null], testException = [null], mergedContextConfiguration = [WebMergedContextConfiguration@792bbc74 testClass = DinnerGeneratorApplicationTests, locations = '{}', classes = '{class com.dinner.dinnergenerator.DinnerGeneratorApplication}', contextInitializerClasses = '[]', activeProfiles = '{}', propertySourceLocations = '{}', propertySourceProperties = '{org.springframework.boot.test.context.SpringBootTestContextBootstrapper=true}', contextCustomizers = set[org.springframework.boot.test.autoconfigure.actuate.metrics.MetricsExportContextCustomizerFactory$DisableMetricExportContextCustomizer@5c45d770, org.springframework.boot.test.autoconfigure.properties.PropertyMappingContextCustomizer@0, org.springframework.boot.test.autoconfigure.web.servlet.WebDriverContextCustomizerFactory$Customizer@282cb7c7, org.springframework.boot.test.context.filter.ExcludeFilterContextCustomizer@14f9390f, org.springframework.boot.test.json.DuplicateJsonObjectContextCustomizerFactory$DuplicateJsonObjectContextCustomizer@5965be2d, org.springframework.boot.test.mock.mockito.MockitoContextCustomizer@0, org.springframework.boot.test.web.client.TestRestTemplateContextCustomizer@25f4878b, org.springframework.boot.test.context.SpringBootTestArgs@1, org.springframework.boot.test.context.SpringBootTestWebEnvironment@1ff4931d], resourceBasePath = 'src/main/webapp', contextLoader = 'org.springframework.boot.test.context.SpringBootContextLoader', parent = [null]], attributes = map['org.springframework.test.context.web.ServletTestExecutionListener.activateListener' -> true]], class annotated with @DirtiesContext [false] with mode [null].
14:20:29.831 [Test worker] DEBUG org.springframework.test.context.support.TestPropertySourceUtils - Adding inlined properties to environment: {spring.jmx.enabled=false, org.springframework.boot.test.context.SpringBootTestContextBootstrapper=true}

  .   ____          _            __ _ _
 /\\ / ___'_ __ _ _(_)_ __  __ _ \ \ \ \
( ( )\___ | '_ | '_| | '_ \/ _` | \ \ \ \
 \\/  ___)| |_)| | | | | || (_| |  ) ) ) )
  '  |____| .__|_| |_|_| |_\__, | / / / /
 =========|_|==============|___/=/_/_/_/
 :: Spring Boot ::                (v2.5.6)

2021-11-06 14:20:30.257  INFO 34557 --- [    Test worker] c.d.d.DinnerGeneratorApplicationTests    : Starting DinnerGeneratorApplicationTests using Java 11.0.11 on ubuntu-laptop with PID 34557 (started by jay in /home/jay/workspace/dinner-generator)
2021-11-06 14:20:30.262  INFO 34557 --- [    Test worker] c.d.d.DinnerGeneratorApplicationTests    : No active profile set, falling back to default profiles: default
2021-11-06 14:20:32.024  INFO 34557 --- [    Test worker] c.d.d.DinnerGeneratorApplicationTests    : Started DinnerGeneratorApplicationTests in 2.183 seconds (JVM running for 3.568)
]]></system-out>
  <system-err><![CDATA[]]></system-err>
</testsuite>
